2024-04-25 16:54:17 - DataLoader - INFO - Begin reading raw data from the data file C:/Users/xiaomanl/OneDrive - Intel Corporation/Documents/project/NCPP/module/train/../../data/raw/SPR/train_data.csv
2024-04-25 16:54:17 - DataLoader - INFO - Raw data has [1;34;34m121[0m rows and [1;34;34m73[0m columns.
2024-04-25 16:54:17 - DataLoader - INFO - Begin filtering the data
2024-04-25 16:54:17 - DataLoader - INFO - selected workload names: ['Memory Latency Checker Bandwidth']
2024-04-25 16:54:17 - DataLoader - INFO - selected test names: ['All Testcases']
2024-04-25 16:54:17 - DataLoader - INFO - After filter, data has [1;34;34m24[0m rows and [1;34;34m73[0m columns.
2024-04-25 16:54:17 - DataLoader - INFO - After dropna, data has [1;34;34m24[0m rows and [1;34;34m73[0m columns.
2024-04-25 16:54:17 - DataLoader - INFO - After delete iteration variation > 10%, data has [1;34;34m24[0m rows and [1;34;34m73[0m columns.
2024-04-25 16:54:17 - DataLoader - INFO - filtered data has [1;34;34m24[0m rows and [1;34;34m73[0m columns.
2024-04-25 16:54:17 - DataLoader - DEBUG - List of testnames:503.bwaves_r
507.cactuBSSN_r
508.namd_r
510.parest_r
511.povray_r
519.lbm_r
521.wrf_r
526.blender_r
527.cam4_r
538.imagick_r
544.nab_r
549.fotonik3d_r
554.roms_r
SPECrate2017_fp_base
Score(GFLOPS)
LLC Bandwidth (MB/s)
Peak Bandwidth All Sockets 100R (MB/s)
Peak Bandwidth All Sockets 100W (MB/s)
Peak Bandwidth All Sockets 2R1W NTW (MB/s)
Peak Bandwidth All Sockets 2R1W RFO (MB/s)
Peak Bandwidth Remote (MB/s)
Peak Bandwidth Remote (Reverse) (MB/s)
Peak Bandwidth Socket 1 100R (MB/s)
Local socket local cluster L1 hit latency (ns)
Local socket local cluster L2 hit latency (ns)
Local socket local cluster L3 hit latency (ns)
Local socket local cluster memory latency Random (ns)
Local socket local cluster memory latency Sequential (ns)
Local socket remote cluster memory latency Random (ns)
Local socket remote cluster memory latency Sequential (ns)
Remote socket memory latency Random (ns)
Remote socket memory latency Sequential (ns)
500.perlbench_r
502.gcc_r
505.mcf_r
520.omnetpp_r
523.xalancbmk_r
525.x264_r
531.deepsjeng_r
541.leela_r
548.exchange2_r
557.xz_r
SPECrate2017_int_base
Add Bandwidth (NTW) (MB/s)
Copy Bandwidth (NTW) (MB/s)
Scale Bandwidth (NTW) (MB/s)
Triad Bandwidth (NTW) (MB/s)
2024-04-25 16:54:17 - DataLoader - INFO - Begin merge QDF infomation!
2024-04-25 16:54:27 - DataLoader - INFO - QDF raw data has [1;34;34m14[0m rows and [1;34;34m446[0m columns.
2024-04-25 16:54:27 - DataLoader - INFO - selected QDF raw data has [1;34;34m14[0m rows and [1;34;34m25[0m columns.
2024-04-25 16:54:27 - DataLoader - WARNING - These QDF cannot be found details in file C:/Users/xiaomanl/OneDrive - Intel Corporation/Documents/project/NCPP/module/train/../../data/processed//SPR_QDF_INFO.xlsx:
[]
2024-04-25 16:54:27 - DataLoader - WARNING - merge_data has 48 rows and 98 columns.
2024-04-25 16:54:27 - DataLoader - ERROR - drop columns: ['BIOS.kubernetes.pod_id', 'BIOS.type', 'BIOS.L1 Next Page Prefetcher', 'BIOS.AMP Prefetch', 'BIOS.Memory Encryption (TME)', 'BIOS.Total Memory Encryption Multi-Tenant(TME-MT)', 'BIOS.SW Guard Extensions (SGX)', 'BIOS.SGX PRM Size', 'BIOS.Volatile Memory Mode', 'BIOS.SNC', 'BIOS.Fan PWM Offset']
2024-04-25 16:54:27 - DataLoader - WARNING - after dropna, shape is (48, 87)
2024-04-25 16:54:27 - DataLoader - WARNING - Column SVR.CPU.Thread(s) per Core and QDF.Memory Modules/Channel Supptd are the same.
2024-04-25 16:54:27 - DataLoader - WARNING - Column SVR.CPU.Thread(s) per Core and QDF.AVX FMA Execution Unit Count are the same.
2024-04-25 16:54:27 - DataLoader - WARNING - Column SVR.CPU.Thread(s) per Core and SVR.CPU.Socket(s) are the same.
2024-04-25 16:54:27 - DataLoader - WARNING - Column QDF.Speed and SVR.CPU.Base Frequency are the same.
2024-04-25 16:54:27 - DataLoader - WARNING - Column SVR.CPU.Stepping and QDF.No Memory Channels Supported are the same.
2024-04-25 16:54:27 - DataLoader - WARNING - Column SVR.CPU.Stepping and SVR.CPU.NUMA Node(s) are the same.
2024-04-25 16:54:27 - DataLoader - WARNING - Column QDF.AVX2 All Core Turbo Freq Rate and QDF.AVX3 All Core Turbo Freq Rate are the same.
2024-04-25 16:54:27 - DataLoader - WARNING - Column QDF.DDR5 FREQ and Measure.DIMM.Freq are the same.
2024-04-25 16:54:27 - DataLoader - WARNING - Column QDF.TMUL Deterministic P1 Freq Rte and QDF.AVX3 Deterministic P1 Freq Rte are the same.
2024-04-25 16:54:27 - DataLoader - WARNING - Column QDF.Memory Modules/Channel Supptd and SVR.CPU.Thread(s) per Core are the same.
2024-04-25 16:54:27 - DataLoader - WARNING - Column QDF.Memory Modules/Channel Supptd and QDF.AVX FMA Execution Unit Count are the same.
2024-04-25 16:54:27 - DataLoader - WARNING - Column QDF.Memory Modules/Channel Supptd and SVR.CPU.Socket(s) are the same.
2024-04-25 16:54:27 - DataLoader - WARNING - Column QDF.Max Turbo Frequency Rate and QDF.AVX2 Sngl Core Turbo Freq Rate are the same.
2024-04-25 16:54:27 - DataLoader - WARNING - Column QDF.Max Turbo Frequency Rate and SVR.CPU.Maximum Frequency are the same.
2024-04-25 16:54:27 - DataLoader - WARNING - Column QDF.No Memory Channels Supported and SVR.CPU.Stepping are the same.
2024-04-25 16:54:27 - DataLoader - WARNING - Column QDF.No Memory Channels Supported and SVR.CPU.NUMA Node(s) are the same.
2024-04-25 16:54:27 - DataLoader - WARNING - Column QDF.Functional Core and SVR.CPU.Core(s) per Socket are the same.
2024-04-25 16:54:27 - DataLoader - WARNING - Column QDF.AVX3 Deterministic P1 Freq Rte and QDF.TMUL Deterministic P1 Freq Rte are the same.
2024-04-25 16:54:27 - DataLoader - WARNING - Column META.metadata.cscope.qdf0 and QDF.QDF/SSPEC are the same.
2024-04-25 16:54:27 - DataLoader - WARNING - Column META.metadata.cscope.qdf0 and META.metadata.cscope.qdf1 are the same.
2024-04-25 16:54:27 - DataLoader - WARNING - Column QDF.AVX2 Sngl Core Turbo Freq Rate and QDF.Max Turbo Frequency Rate are the same.
2024-04-25 16:54:27 - DataLoader - WARNING - Column QDF.AVX2 Sngl Core Turbo Freq Rate and SVR.CPU.Maximum Frequency are the same.
2024-04-25 16:54:27 - DataLoader - WARNING - Column SVR.CPU.Base Frequency and QDF.Speed are the same.
2024-04-25 16:54:27 - DataLoader - WARNING - Column QDF.QDF/SSPEC and META.metadata.cscope.qdf0 are the same.
2024-04-25 16:54:27 - DataLoader - WARNING - Column QDF.QDF/SSPEC and META.metadata.cscope.qdf1 are the same.
2024-04-25 16:54:28 - DataLoader - WARNING - Column SVR.Power.TDP and QDF.Thermal Design Power are the same.
2024-04-25 16:54:28 - DataLoader - WARNING - Column QDF.All Core Turbo Freq Rate and SVR.CPU.All-core Maximum Frequency are the same.
2024-04-25 16:54:28 - DataLoader - WARNING - Column SVR.CPU.Core(s) per Socket and QDF.Functional Core are the same.
2024-04-25 16:54:28 - DataLoader - WARNING - Column SVR.CPU.NUMA Node(s) and SVR.CPU.Stepping are the same.
2024-04-25 16:54:28 - DataLoader - WARNING - Column SVR.CPU.NUMA Node(s) and QDF.No Memory Channels Supported are the same.
2024-04-25 16:54:28 - DataLoader - WARNING - Column QDF.AVX FMA Execution Unit Count and SVR.CPU.Thread(s) per Core are the same.
2024-04-25 16:54:28 - DataLoader - WARNING - Column QDF.AVX FMA Execution Unit Count and QDF.Memory Modules/Channel Supptd are the same.
2024-04-25 16:54:28 - DataLoader - WARNING - Column QDF.AVX FMA Execution Unit Count and SVR.CPU.Socket(s) are the same.
2024-04-25 16:54:28 - DataLoader - WARNING - Column Measure.DIMM.Freq and QDF.DDR5 FREQ are the same.
2024-04-25 16:54:28 - DataLoader - WARNING - Column SVR.CPU.Maximum Frequency and QDF.Max Turbo Frequency Rate are the same.
2024-04-25 16:54:28 - DataLoader - WARNING - Column SVR.CPU.Maximum Frequency and QDF.AVX2 Sngl Core Turbo Freq Rate are the same.
2024-04-25 16:54:28 - DataLoader - WARNING - Column SVR.CPU.Socket(s) and SVR.CPU.Thread(s) per Core are the same.
2024-04-25 16:54:28 - DataLoader - WARNING - Column SVR.CPU.Socket(s) and QDF.Memory Modules/Channel Supptd are the same.
2024-04-25 16:54:28 - DataLoader - WARNING - Column SVR.CPU.Socket(s) and QDF.AVX FMA Execution Unit Count are the same.
2024-04-25 16:54:28 - DataLoader - WARNING - Column META.metadata.cscope.qdf1 and META.metadata.cscope.qdf0 are the same.
2024-04-25 16:54:28 - DataLoader - WARNING - Column META.metadata.cscope.qdf1 and QDF.QDF/SSPEC are the same.
2024-04-25 16:54:28 - DataLoader - WARNING - Column SVR.Memory.Huge Pages Size and SVR.CPU.L2 Cache are the same.
2024-04-25 16:54:28 - DataLoader - WARNING - Column QDF.Thermal Design Power and SVR.Power.TDP are the same.
2024-04-25 16:54:28 - DataLoader - WARNING - Column SVR.CPU.L2 Cache and SVR.Memory.Huge Pages Size are the same.
2024-04-25 16:54:28 - DataLoader - WARNING - Column SVR.CPU.All-core Maximum Frequency and QDF.All Core Turbo Freq Rate are the same.
2024-04-25 16:54:28 - DataLoader - WARNING - Column QDF.AVX3 All Core Turbo Freq Rate and QDF.AVX2 All Core Turbo Freq Rate are the same.
2024-04-25 16:54:28 - DataLoader - INFO - After merge QDF, it has [1;34;34m48[0m rows and [1;34;34m87[0m columns.
2024-04-25 16:54:28 - DataLoader - INFO - merge_data has [1;34;34m48[0m rows and [1;34;34m78[0m columns.
2024-04-25 16:54:28 - DataLoader - DEBUG - QDF colums list: {'QDF.No Memory Channels Supported', 'QDF.TMUL Deterministic P1 Freq Rte', 'QDF.AVX2 All Core Turbo Freq Rate', 'QDF.Memory Modules/Channel Supptd', 'QDF.All Core Turbo Freq Rate', 'QDF.CLM P1 Max Freq', 'QDF.Max Turbo Frequency Rate', 'QDF.Max UPI Port Cnt', 'QDF.QDF/SSPEC', 'QDF.CLM P0 Max Freq', 'QDF.AVX FMA Execution Unit Count', 'QDF.TMUL All Core Turbo Freq Rate', 'QDF.Thermal Design Power', 'QDF.AVX3 All Core Turbo Freq Rate', 'QDF.CLM Pn Max Freq', 'QDF.AVX3 Deterministic P1 Freq Rte'}
